<?xml version="1.0" encoding="UTF-8"?>
<testsuite xmlns:xsi="http://www.w3.org/2001/XMLSchema-instance" xsi:noNamespaceSchemaLocation="https://maven.apache.org/surefire/maven-surefire-plugin/xsd/surefire-test-report-3.0.xsd" version="3.0" name="com.optimagrowth.configserver.ConfigurationServerApplicationTests" time="13.084" tests="1" errors="0" skipped="0" failures="0">
  <properties>
[...]
</properties>
  <testcase name="contextLoads" classname="com.optimagrowth.configserver.ConfigurationServerApplicationTests" time="1.934">
    <system-out><![CDATA[20:52:06.951 [main] INFO org.springframework.test.context.support.AnnotationConfigContextLoaderUtils -- Could not detect default configuration classes for test class [com.optimagrowth.configserver.ConfigurationServerApplicationTests]: ConfigurationServerApplicationTests does not declare any static, non-private, non-final, nested classes annotated with @Configuration.
20:52:07.180 [main] INFO org.springframework.boot.test.context.SpringBootTestContextBootstrapper -- Found @SpringBootConfiguration com.optimagrowth.configserver.ConfigurationServerApplication for test class com.optimagrowth.configserver.ConfigurationServerApplicationTests

  .   ____          _            __ _ _
 /\\ / ___'_ __ _ _(_)_ __  __ _ \ \ \ \
( ( )\___ | '_ | '_| | '_ \/ _` | \ \ \ \
 \\/  ___)| |_)| | | | | || (_| |  ) ) ) )
  '  |____| .__|_| |_|_| |_\__, | / / / /
 =========|_|==============|___/=/_/_/_/
 :: Spring Boot ::                (v3.2.1)

2024-01-16T20:52:12.348+01:00  INFO 25720 --- [config-server] [           main] .o.c.ConfigurationServerApplicationTests : The following 1 profile is active: "native"
2024-01-16T20:52:14.108+01:00  INFO 25720 --- [config-server] [           main] o.s.cloud.context.scope.GenericScope     : BeanFactory id=8c5d1c2f-0088-3877-9e1f-6c12cd236eb0
2024-01-16T20:52:17.255+01:00  INFO 25720 --- [config-server] [           main] o.s.cloud.commons.util.InetUtils         : Cannot determine local hostname
2024-01-16T20:52:17.507+01:00  INFO 25720 --- [config-server] [           main] o.s.b.a.e.web.EndpointLinksResolver      : Exposing 1 endpoint(s) beneath base path '/actuator'
2024-01-16T20:52:17.619+01:00  INFO 25720 --- [config-server] [           main] .o.c.ConfigurationServerApplicationTests : Started ConfigurationServerApplicationTests in 10.078 seconds (process running for 12.408)
]]></system-out>
  </testcase>
</testsuite>